build/app/intermediates/manifest_merge_blame_file/release/manifest-merger-blame-release-report.txt
1<?xml version="1.0" encoding="utf-8"?>
2<manifest xmlns:android="http://schemas.android.com/apk/res/android"
3    package="com.wiwmedia.wiwsport"
4    android:versionCode="32"
5    android:versionName="32.0.0" >
6
7    <uses-sdk
8        android:minSdkVersion="23"
8-->src/main/AndroidManifest.xml
9        android:targetSdkVersion="30" />
9-->src/main/AndroidManifest.xml
10
11    <uses-permission android:name="android.permission.INTERNET" />
11-->src/main/AndroidManifest.xml:81:5-67
11-->src/main/AndroidManifest.xml:81:22-64
12    <uses-permission android:name="android.permission.ACCESS_NETWORK_STATE" />
12-->src/main/AndroidManifest.xml:82:5-79
12-->src/main/AndroidManifest.xml:82:22-76
13    <uses-permission android:name="android.permission.WAKE_LOCK" />
13-->src/main/AndroidManifest.xml:83:5-68
13-->src/main/AndroidManifest.xml:83:22-65
14    <uses-permission android:name="android.permission.RECORD_AUDIO" />
14-->src/main/AndroidManifest.xml:84:5-71
14-->src/main/AndroidManifest.xml:84:22-68
15    <uses-permission android:name="android.permission.WRITE_EXTERNAL_STORAGE" />
15-->src/main/AndroidManifest.xml:85:5-81
15-->src/main/AndroidManifest.xml:85:22-78
16    <uses-permission android:name="android.permission.READ_EXTERNAL_STORAGE" />
16-->src/main/AndroidManifest.xml:86:5-80
16-->src/main/AndroidManifest.xml:86:22-77
17    <uses-permission android:name="android.permission.FOREGROUND_SERVICE" />
17-->[:assets_audio_player] AndroidManifest.xml:7:5-77
17-->[:assets_audio_player] AndroidManifest.xml:7:22-74
18    <uses-permission android:name="android.permission.VIBRATE" /> <!-- Create a unique permission for your app and use it so only your app can receive your OneSignal messages. -->
18-->[:assets_audio_player] AndroidManifest.xml:8:5-66
18-->[:assets_audio_player] AndroidManifest.xml:8:22-63
19    <permission
19-->[com.onesignal:OneSignal:3.16.0] AndroidManifest.xml:7:5-9:47
20        android:name="com.wiwmedia.wiwsport.permission.C2D_MESSAGE"
20-->[com.onesignal:OneSignal:3.16.0] AndroidManifest.xml:8:9-63
21        android:protectionLevel="signature" />
21-->[com.onesignal:OneSignal:3.16.0] AndroidManifest.xml:9:9-44
22
23    <uses-permission android:name="com.wiwmedia.wiwsport.permission.C2D_MESSAGE" />
23-->[com.onesignal:OneSignal:3.16.0] AndroidManifest.xml:11:5-79
23-->[com.onesignal:OneSignal:3.16.0] AndroidManifest.xml:11:22-76
24    <uses-permission android:name="com.google.android.c2dm.permission.RECEIVE" />
24-->[com.onesignal:OneSignal:3.16.0] AndroidManifest.xml:17:5-82
24-->[com.onesignal:OneSignal:3.16.0] AndroidManifest.xml:17:22-79
25    <!--
26 Use to restore notifications the user hasn't interacted with.
27         They could be missed notifications if the user reboots their device if this isn't in place.
28    -->
29    <uses-permission android:name="android.permission.RECEIVE_BOOT_COMPLETED" /> <!-- START: ShortcutBadger -->
29-->[com.onesignal:OneSignal:3.16.0] AndroidManifest.xml:29:5-81
29-->[com.onesignal:OneSignal:3.16.0] AndroidManifest.xml:29:22-78
30    <!-- Samsung -->
31    <uses-permission android:name="com.sec.android.provider.badge.permission.READ" />
31-->[com.onesignal:OneSignal:3.16.0] AndroidManifest.xml:31:5-86
31-->[com.onesignal:OneSignal:3.16.0] AndroidManifest.xml:31:22-83
32    <uses-permission android:name="com.sec.android.provider.badge.permission.WRITE" /> <!-- HTC -->
32-->[com.onesignal:OneSignal:3.16.0] AndroidManifest.xml:32:5-87
32-->[com.onesignal:OneSignal:3.16.0] AndroidManifest.xml:32:22-84
33    <uses-permission android:name="com.htc.launcher.permission.READ_SETTINGS" />
33-->[com.onesignal:OneSignal:3.16.0] AndroidManifest.xml:33:5-81
33-->[com.onesignal:OneSignal:3.16.0] AndroidManifest.xml:33:22-78
34    <uses-permission android:name="com.htc.launcher.permission.UPDATE_SHORTCUT" /> <!-- Sony -->
34-->[com.onesignal:OneSignal:3.16.0] AndroidManifest.xml:34:5-83
34-->[com.onesignal:OneSignal:3.16.0] AndroidManifest.xml:34:22-80
35    <uses-permission android:name="com.sonyericsson.home.permission.BROADCAST_BADGE" />
35-->[com.onesignal:OneSignal:3.16.0] AndroidManifest.xml:35:5-88
35-->[com.onesignal:OneSignal:3.16.0] AndroidManifest.xml:35:22-85
36    <uses-permission android:name="com.sonymobile.home.permission.PROVIDER_INSERT_BADGE" /> <!-- Apex -->
36-->[com.onesignal:OneSignal:3.16.0] AndroidManifest.xml:36:5-92
36-->[com.onesignal:OneSignal:3.16.0] AndroidManifest.xml:36:22-89
37    <uses-permission android:name="com.anddoes.launcher.permission.UPDATE_COUNT" /> <!-- Solid -->
37-->[com.onesignal:OneSignal:3.16.0] AndroidManifest.xml:37:5-84
37-->[com.onesignal:OneSignal:3.16.0] AndroidManifest.xml:37:22-81
38    <uses-permission android:name="com.majeur.launcher.permission.UPDATE_BADGE" /> <!-- Huawei -->
38-->[com.onesignal:OneSignal:3.16.0] AndroidManifest.xml:38:5-83
38-->[com.onesignal:OneSignal:3.16.0] AndroidManifest.xml:38:22-80
39    <uses-permission android:name="com.huawei.android.launcher.permission.CHANGE_BADGE" />
39-->[com.onesignal:OneSignal:3.16.0] AndroidManifest.xml:39:5-91
39-->[com.onesignal:OneSignal:3.16.0] AndroidManifest.xml:39:22-88
40    <uses-permission android:name="com.huawei.android.launcher.permission.READ_SETTINGS" />
40-->[com.onesignal:OneSignal:3.16.0] AndroidManifest.xml:40:5-92
40-->[com.onesignal:OneSignal:3.16.0] AndroidManifest.xml:40:22-89
41    <uses-permission android:name="com.huawei.android.launcher.permission.WRITE_SETTINGS" /> <!-- ZUK -->
41-->[com.onesignal:OneSignal:3.16.0] AndroidManifest.xml:41:5-93
41-->[com.onesignal:OneSignal:3.16.0] AndroidManifest.xml:41:22-90
42    <uses-permission android:name="android.permission.READ_APP_BADGE" /> <!-- OPPO -->
42-->[com.onesignal:OneSignal:3.16.0] AndroidManifest.xml:42:5-73
42-->[com.onesignal:OneSignal:3.16.0] AndroidManifest.xml:42:22-70
43    <uses-permission android:name="com.oppo.launcher.permission.READ_SETTINGS" />
43-->[com.onesignal:OneSignal:3.16.0] AndroidManifest.xml:43:5-82
43-->[com.onesignal:OneSignal:3.16.0] AndroidManifest.xml:43:22-79
44    <uses-permission android:name="com.oppo.launcher.permission.WRITE_SETTINGS" /> <!-- EvMe -->
44-->[com.onesignal:OneSignal:3.16.0] AndroidManifest.xml:44:5-83
44-->[com.onesignal:OneSignal:3.16.0] AndroidManifest.xml:44:22-80
45    <uses-permission android:name="me.everything.badger.permission.BADGE_COUNT_READ" />
45-->[com.onesignal:OneSignal:3.16.0] AndroidManifest.xml:45:5-88
45-->[com.onesignal:OneSignal:3.16.0] AndroidManifest.xml:45:22-85
46    <uses-permission android:name="me.everything.badger.permission.BADGE_COUNT_WRITE" />
46-->[com.onesignal:OneSignal:3.16.0] AndroidManifest.xml:46:5-89
46-->[com.onesignal:OneSignal:3.16.0] AndroidManifest.xml:46:22-86
47    <uses-permission android:name="com.google.android.finsky.permission.BIND_GET_INSTALL_REFERRER_SERVICE" /> <!-- Android package visibility setting -->
47-->[com.google.android.gms:play-services-measurement:18.0.0] AndroidManifest.xml:26:5-110
47-->[com.google.android.gms:play-services-measurement:18.0.0] AndroidManifest.xml:26:22-107
48    <queries>
48-->[com.google.android.gms:play-services-ads-lite:19.7.0] AndroidManifest.xml:27:5-43:15
49
50        <!-- For browser content -->
51        <intent>
51-->[com.google.android.gms:play-services-ads-lite:19.7.0] AndroidManifest.xml:30:9-36:18
52            <action android:name="android.intent.action.VIEW" />
52-->src/main/AndroidManifest.xml:39:17-69
52-->src/main/AndroidManifest.xml:39:25-66
53
54            <category android:name="android.intent.category.BROWSABLE" />
54-->src/main/AndroidManifest.xml:41:17-78
54-->src/main/AndroidManifest.xml:41:27-75
55
56            <data android:scheme="https" />
56-->src/main/AndroidManifest.xml:42:17-45:23
56-->src/main/AndroidManifest.xml:43:21-41
57        </intent>
58        <!-- End of browser content -->
59        <!-- For CustomTabsService -->
60        <intent>
60-->[com.google.android.gms:play-services-ads-lite:19.7.0] AndroidManifest.xml:30:9-36:18
61            <action android:name="android.support.customtabs.action.CustomTabsService" />
62        </intent>
63        <!-- End of CustomTabsService -->
64    </queries>
65
66    <uses-permission android:name="android.permission.ACCESS_WIFI_STATE" />
66-->[:connectivity] AndroidManifest.xml:8:5-76
66-->[:connectivity] AndroidManifest.xml:8:22-73
67
68    <application
68-->src/main/AndroidManifest.xml:4:5-79:19
69        android:name="io.flutter.app.FlutterApplication"
69-->src/main/AndroidManifest.xml:5:9-57
70        android:appComponentFactory="androidx.core.app.CoreComponentFactory"
70-->[androidx.core:core:1.3.1] AndroidManifest.xml:24:18-86
71        android:extractNativeLibs="false"
72        android:hardwareAccelerated="true"
72-->src/main/AndroidManifest.xml:9:9-43
73        android:icon="@mipmap/launcher_icon"
73-->src/main/AndroidManifest.xml:7:9-45
74        android:label="wiwsport"
74-->src/main/AndroidManifest.xml:6:9-33
75        android:networkSecurityConfig="@xml/network_security_config"
75-->src/main/AndroidManifest.xml:10:9-69
76        android:supportsRtl="true"
76-->[com.facebook.android:facebook-login:5.5.1] AndroidManifest.xml:28:18-44
77        android:usesCleartextTraffic="true" >
77-->src/main/AndroidManifest.xml:8:9-44
78        <activity
78-->src/main/AndroidManifest.xml:12:9-51:20
79            android:name="com.wiwmedia.wiwsport.MainActivity"
79-->src/main/AndroidManifest.xml:13:13-41
80            android:configChanges="orientation|keyboardHidden|keyboard|screenSize|smallestScreenSize|locale|layoutDirection|fontScale|screenLayout|density|uiMode"
80-->src/main/AndroidManifest.xml:17:13-163
81            android:hardwareAccelerated="true"
81-->src/main/AndroidManifest.xml:18:13-47
82            android:launchMode="singleTop"
82-->src/main/AndroidManifest.xml:14:13-43
83            android:screenOrientation="portrait"
83-->src/main/AndroidManifest.xml:16:13-49
84            android:theme="@style/LaunchTheme"
84-->src/main/AndroidManifest.xml:15:13-47
85            android:windowSoftInputMode="adjustResize" >
85-->src/main/AndroidManifest.xml:19:13-55
86
87            <!--
88                 Specifies an Android theme to apply to this Activity as soon as
89                 the Android process has started. This theme is visible to the user
90                 while the Flutter UI initializes. After that, this theme continues
91                 to determine the Window background behind the Flutter UI.
92            -->
93            <meta-data
93-->src/main/AndroidManifest.xml:24:13-27:19
94                android:name="io.flutter.embedding.android.NormalTheme"
94-->src/main/AndroidManifest.xml:25:17-72
95                android:resource="@style/NormalTheme" />
95-->src/main/AndroidManifest.xml:26:17-54
96
97            <!--
98                 Displays an Android View that continues showing the launch screen
99                 Drawable until Flutter paints its first frame, then this splash
100                 screen fades out. A splash screen is useful to avoid any visual
101                 gap between the end of Android's launch screen and the painting of
102                 Flutter's first frame.
103            -->
104            <meta-data
104-->src/main/AndroidManifest.xml:34:13-37:19
105                android:name="io.flutter.embedding.android.SplashScreenDrawable"
105-->src/main/AndroidManifest.xml:35:17-81
106                android:resource="@drawable/launch_background" />
106-->src/main/AndroidManifest.xml:36:17-63
107
108            <intent-filter>
108-->src/main/AndroidManifest.xml:38:13-46:29
109                <action android:name="android.intent.action.VIEW" />
109-->src/main/AndroidManifest.xml:39:17-69
109-->src/main/AndroidManifest.xml:39:25-66
110
111                <category android:name="android.intent.category.DEFAULT" />
111-->src/main/AndroidManifest.xml:40:17-76
111-->src/main/AndroidManifest.xml:40:27-73
112                <category android:name="android.intent.category.BROWSABLE" />
112-->src/main/AndroidManifest.xml:41:17-78
112-->src/main/AndroidManifest.xml:41:27-75
113
114                <data
114-->src/main/AndroidManifest.xml:42:17-45:23
115                    android:host=""
115-->src/main/AndroidManifest.xml:44:21-36
116                    android:scheme="wiw" />
116-->src/main/AndroidManifest.xml:43:21-41
117            </intent-filter>
118            <intent-filter>
118-->src/main/AndroidManifest.xml:47:13-50:29
119                <action android:name="android.intent.action.MAIN" />
119-->src/main/AndroidManifest.xml:48:17-68
119-->src/main/AndroidManifest.xml:48:25-66
120
121                <category android:name="android.intent.category.LAUNCHER" />
121-->src/main/AndroidManifest.xml:49:17-76
121-->src/main/AndroidManifest.xml:49:27-74
122            </intent-filter>
123        </activity>
124        <!--
125             Don't delete the meta-data below.
126             This is used by the Flutter tool to generate GeneratedPluginRegistrant.java
127        -->
128        <meta-data
128-->src/main/AndroidManifest.xml:54:9-56:33
129            android:name="flutterEmbedding"
129-->src/main/AndroidManifest.xml:55:13-44
130            android:value="2" />
130-->src/main/AndroidManifest.xml:56:13-30
131        <meta-data
131-->src/main/AndroidManifest.xml:57:9-59:69
132            android:name="com.google.android.gms.ads.APPLICATION_ID"
132-->src/main/AndroidManifest.xml:58:13-69
133            android:value="ca-app-pub-9120523919163473~3676757066" />
133-->src/main/AndroidManifest.xml:59:13-67
134        <meta-data
134-->src/main/AndroidManifest.xml:61:9-96
135            android:name="firebase_analytics_collection_enabled"
135-->src/main/AndroidManifest.xml:61:20-72
136            android:value="true" />
136-->src/main/AndroidManifest.xml:61:73-93
137        <meta-data
137-->src/main/AndroidManifest.xml:63:9-64:70
138            android:name="com.mixpanel.android.MPConfig.EventsEndpoint"
138-->src/main/AndroidManifest.xml:63:20-79
139            android:value="https://api-eu.mixpanel.com/track?ip=1" />
139-->src/main/AndroidManifest.xml:64:13-67
140        <meta-data
140-->src/main/AndroidManifest.xml:65:9-66:71
141            android:name="com.mixpanel.android.MPConfig.PeopleEndpoint"
141-->src/main/AndroidManifest.xml:65:20-79
142            android:value="https://api-eu.mixpanel.com/engage?ip=1" />
142-->src/main/AndroidManifest.xml:66:13-68
143        <meta-data
143-->src/main/AndroidManifest.xml:67:9-68:66
144            android:name="com.mixpanel.android.MPConfig.GroupsEndpoint"
144-->src/main/AndroidManifest.xml:67:20-79
145            android:value="https://api-eu.mixpanel.com/groups" />
145-->src/main/AndroidManifest.xml:68:13-63
146        <meta-data
146-->src/main/AndroidManifest.xml:70:9-107
147            android:name="com.facebook.sdk.ApplicationId"
147-->src/main/AndroidManifest.xml:70:20-65
148            android:value="@string/facebook_app_id" />
148-->src/main/AndroidManifest.xml:70:66-105
149
150        <activity
150-->src/main/AndroidManifest.xml:71:9-189
151            android:name="com.facebook.FacebookActivity"
151-->src/main/AndroidManifest.xml:71:19-63
152            android:configChanges="keyboard|keyboardHidden|screenLayout|screenSize|orientation"
152-->src/main/AndroidManifest.xml:71:64-148
153            android:label="com.wiwmedia.wiwsport"
153-->src/main/AndroidManifest.xml:71:149-186
154            android:theme="@style/com_facebook_activity_theme" />
154-->[com.facebook.android:facebook-common:5.5.1] AndroidManifest.xml:32:13-63
155        <activity
155-->src/main/AndroidManifest.xml:72:9-76:100
156            android:name="com.facebook.CustomTabActivity"
156-->src/main/AndroidManifest.xml:72:19-64
157            android:exported="true" >
157-->src/main/AndroidManifest.xml:72:65-88
158            <intent-filter>
158-->src/main/AndroidManifest.xml:72:90-76:88
159                <action android:name="android.intent.action.VIEW" />
159-->src/main/AndroidManifest.xml:39:17-69
159-->src/main/AndroidManifest.xml:39:25-66
160
161                <category android:name="android.intent.category.DEFAULT" />
161-->src/main/AndroidManifest.xml:40:17-76
161-->src/main/AndroidManifest.xml:40:27-73
162                <category android:name="android.intent.category.BROWSABLE" />
162-->src/main/AndroidManifest.xml:41:17-78
162-->src/main/AndroidManifest.xml:41:27-75
163
164                <data android:scheme="@string/fb_login_protocol_scheme" />
164-->src/main/AndroidManifest.xml:42:17-45:23
164-->src/main/AndroidManifest.xml:43:21-41
165            </intent-filter>
166        </activity>
167
168        <receiver android:name="com.github.florent37.assets_audio_player.notification.NotificationActionReceiver" />
168-->[:assets_audio_player] AndroidManifest.xml:12:9-117
168-->[:assets_audio_player] AndroidManifest.xml:12:19-114
169        <receiver android:name="com.github.florent37.assets_audio_player.notification.CustomMediaButtonReceiver" >
169-->[:assets_audio_player] AndroidManifest.xml:13:9-17:20
169-->[:assets_audio_player] AndroidManifest.xml:13:19-113
170            <intent-filter>
170-->[:assets_audio_player] AndroidManifest.xml:14:13-16:29
171                <action android:name="android.intent.action.MEDIA_BUTTON" />
171-->[:assets_audio_player] AndroidManifest.xml:15:17-77
171-->[:assets_audio_player] AndroidManifest.xml:15:25-74
172            </intent-filter>
173        </receiver>
174
175        <service
175-->[:assets_audio_player] AndroidManifest.xml:19:9-29:19
176            android:name="com.github.florent37.assets_audio_player.notification.NotificationService"
176-->[:assets_audio_player] AndroidManifest.xml:20:13-101
177            android:enabled="true"
177-->[:assets_audio_player] AndroidManifest.xml:21:13-35
178            android:exported="true" >
178-->[:assets_audio_player] AndroidManifest.xml:22:13-36
179
180            <!--
181            <intent-filter>
182                <action android:name="android.intent.action.MEDIA_BUTTON" />
183            </intent-filter>
184            -->
185        </service>
186        <service
186-->[:cloud_firestore] AndroidManifest.xml:8:9-12:19
187            android:name="com.google.firebase.components.ComponentDiscoveryService"
187-->[:cloud_firestore] AndroidManifest.xml:8:18-89
188            android:directBootAware="true"
188-->[com.google.firebase:firebase-common:19.5.0] AndroidManifest.xml:35:13-43
189            android:exported="false" >
189-->[com.google.android.gms:play-services-measurement-api:18.0.0] AndroidManifest.xml:29:13-37
190            <meta-data
190-->[:cloud_firestore] AndroidManifest.xml:9:13-11:85
191                android:name="com.google.firebase.components:io.flutter.plugins.firebase.firestore.FlutterFirebaseFirestoreRegistrar"
191-->[:cloud_firestore] AndroidManifest.xml:10:17-134
192                android:value="com.google.firebase.components.ComponentRegistrar" />
192-->[:cloud_firestore] AndroidManifest.xml:11:17-82
193            <meta-data
193-->[:firebase_auth] AndroidManifest.xml:9:13-11:85
194                android:name="com.google.firebase.components:io.flutter.plugins.firebase.auth.FlutterFirebaseAuthRegistrar"
194-->[:firebase_auth] AndroidManifest.xml:10:17-124
195                android:value="com.google.firebase.components.ComponentRegistrar" />
195-->[:firebase_auth] AndroidManifest.xml:11:17-82
196            <meta-data
196-->[:firebase_storage] AndroidManifest.xml:9:13-11:85
197                android:name="com.google.firebase.components:io.flutter.plugins.firebase.storage.FlutterFirebaseAppRegistrar"
197-->[:firebase_storage] AndroidManifest.xml:10:17-126
198                android:value="com.google.firebase.components.ComponentRegistrar" />
198-->[:firebase_storage] AndroidManifest.xml:11:17-82
199            <meta-data
199-->[:firebase_core] AndroidManifest.xml:9:13-11:85
200                android:name="com.google.firebase.components:io.flutter.plugins.firebase.core.FlutterFirebaseCoreRegistrar"
200-->[:firebase_core] AndroidManifest.xml:10:17-124
201                android:value="com.google.firebase.components.ComponentRegistrar" />
201-->[:firebase_core] AndroidManifest.xml:11:17-82
202            <meta-data
202-->[:firebase_analytics] AndroidManifest.xml:13:13-15:85
203                android:name="com.google.firebase.components:io.flutter.plugins.firebaseanalytics.FlutterFirebaseAppRegistrar"
203-->[:firebase_analytics] AndroidManifest.xml:14:17-127
204                android:value="com.google.firebase.components.ComponentRegistrar" />
204-->[:firebase_analytics] AndroidManifest.xml:15:17-82
205            <meta-data
205-->[com.google.android.gms:play-services-measurement-api:18.0.0] AndroidManifest.xml:30:13-32:85
206                android:name="com.google.firebase.components:com.google.firebase.analytics.connector.internal.AnalyticsConnectorRegistrar"
206-->[com.google.android.gms:play-services-measurement-api:18.0.0] AndroidManifest.xml:31:17-139
207                android:value="com.google.firebase.components.ComponentRegistrar" />
207-->[com.google.android.gms:play-services-measurement-api:18.0.0] AndroidManifest.xml:32:17-82
208            <meta-data
208-->[com.google.firebase:firebase-auth:20.0.1] AndroidManifest.xml:77:13-79:85
209                android:name="com.google.firebase.components:com.google.firebase.auth.FirebaseAuthRegistrar"
209-->[com.google.firebase:firebase-auth:20.0.1] AndroidManifest.xml:78:17-109
210                android:value="com.google.firebase.components.ComponentRegistrar" />
210-->[com.google.firebase:firebase-auth:20.0.1] AndroidManifest.xml:79:17-82
211            <meta-data
211-->[com.google.firebase:firebase-firestore:22.0.1] AndroidManifest.xml:20:13-22:85
212                android:name="com.google.firebase.components:com.google.firebase.firestore.FirestoreRegistrar"
212-->[com.google.firebase:firebase-firestore:22.0.1] AndroidManifest.xml:21:17-111
213                android:value="com.google.firebase.components.ComponentRegistrar" />
213-->[com.google.firebase:firebase-firestore:22.0.1] AndroidManifest.xml:22:17-82
214            <meta-data
214-->[com.google.firebase:firebase-storage:19.2.1] AndroidManifest.xml:33:13-35:85
215                android:name="com.google.firebase.components:com.google.firebase.storage.StorageRegistrar"
215-->[com.google.firebase:firebase-storage:19.2.1] AndroidManifest.xml:34:17-107
216                android:value="com.google.firebase.components.ComponentRegistrar" />
216-->[com.google.firebase:firebase-storage:19.2.1] AndroidManifest.xml:35:17-82
217            <meta-data
217-->[com.google.firebase:firebase-messaging:21.0.1] AndroidManifest.xml:39:13-41:85
218                android:name="com.google.firebase.components:com.google.firebase.messaging.FirebaseMessagingRegistrar"
218-->[com.google.firebase:firebase-messaging:21.0.1] AndroidManifest.xml:40:17-119
219                android:value="com.google.firebase.components.ComponentRegistrar" />
219-->[com.google.firebase:firebase-messaging:21.0.1] AndroidManifest.xml:41:17-82
220            <meta-data
220-->[com.google.firebase:firebase-datatransport:17.0.10] AndroidManifest.xml:28:13-30:85
221                android:name="com.google.firebase.components:com.google.firebase.datatransport.TransportRegistrar"
221-->[com.google.firebase:firebase-datatransport:17.0.10] AndroidManifest.xml:29:17-115
222                android:value="com.google.firebase.components.ComponentRegistrar" />
222-->[com.google.firebase:firebase-datatransport:17.0.10] AndroidManifest.xml:30:17-82
223            <meta-data
223-->[com.google.firebase:firebase-iid:21.0.1] AndroidManifest.xml:32:13-34:85
224                android:name="com.google.firebase.components:com.google.firebase.iid.Registrar"
224-->[com.google.firebase:firebase-iid:21.0.1] AndroidManifest.xml:33:17-96
225                android:value="com.google.firebase.components.ComponentRegistrar" />
225-->[com.google.firebase:firebase-iid:21.0.1] AndroidManifest.xml:34:17-82
226            <meta-data
226-->[com.google.firebase:firebase-installations:16.3.5] AndroidManifest.xml:18:13-20:85
227                android:name="com.google.firebase.components:com.google.firebase.installations.FirebaseInstallationsRegistrar"
227-->[com.google.firebase:firebase-installations:16.3.5] AndroidManifest.xml:19:17-127
228                android:value="com.google.firebase.components.ComponentRegistrar" />
228-->[com.google.firebase:firebase-installations:16.3.5] AndroidManifest.xml:20:17-82
229            <!--
230                This registrar is not defined in the dynamic-module-support sdk itself to allow non-firebase
231                clients to use it as well, by defining this registrar in their own core/common library.
232            -->
233            <meta-data
233-->[com.google.firebase:firebase-common:19.5.0] AndroidManifest.xml:43:13-45:85
234                android:name="com.google.firebase.components:com.google.firebase.dynamicloading.DynamicLoadingRegistrar"
234-->[com.google.firebase:firebase-common:19.5.0] AndroidManifest.xml:44:17-121
235                android:value="com.google.firebase.components.ComponentRegistrar" />
235-->[com.google.firebase:firebase-common:19.5.0] AndroidManifest.xml:45:17-82
236        </service>
237
238        <activity
238-->[com.facebook.android:audience-network-sdk:6.3.0] AndroidManifest.xml:15:9-19:75
239            android:name="com.facebook.ads.AudienceNetworkActivity"
239-->[com.facebook.android:audience-network-sdk:6.3.0] AndroidManifest.xml:16:13-68
240            android:configChanges="keyboardHidden|orientation|screenSize"
240-->[com.facebook.android:audience-network-sdk:6.3.0] AndroidManifest.xml:17:13-74
241            android:exported="false"
241-->[com.facebook.android:audience-network-sdk:6.3.0] AndroidManifest.xml:18:13-37
242            android:theme="@android:style/Theme.Translucent.NoTitleBar" />
242-->[com.facebook.android:audience-network-sdk:6.3.0] AndroidManifest.xml:19:13-72
243
244        <provider
244-->[com.facebook.android:audience-network-sdk:6.3.0] AndroidManifest.xml:21:9-24:40
245            android:name="com.facebook.ads.AudienceNetworkContentProvider"
245-->[com.facebook.android:audience-network-sdk:6.3.0] AndroidManifest.xml:22:13-75
246            android:authorities="com.wiwmedia.wiwsport.AudienceNetworkContentProvider"
246-->[com.facebook.android:audience-network-sdk:6.3.0] AndroidManifest.xml:23:13-82
247            android:exported="false" />
247-->[com.facebook.android:audience-network-sdk:6.3.0] AndroidManifest.xml:24:13-37
248
249        <activity
249-->[com.google.android.gms:play-services-auth:16.0.1] AndroidManifest.xml:23:9-27:75
250            android:name="com.google.android.gms.auth.api.signin.internal.SignInHubActivity"
250-->[com.google.android.gms:play-services-auth:16.0.1] AndroidManifest.xml:24:13-93
251            android:excludeFromRecents="true"
251-->[com.google.android.gms:play-services-auth:16.0.1] AndroidManifest.xml:25:13-46
252            android:exported="false"
252-->[com.google.android.gms:play-services-auth:16.0.1] AndroidManifest.xml:26:13-37
253            android:theme="@android:style/Theme.Translucent.NoTitleBar" />
253-->[com.google.android.gms:play-services-auth:16.0.1] AndroidManifest.xml:27:13-72
254        <!--
255            Service handling Google Sign-In user revocation. For apps that do not integrate with
256            Google Sign-In, this service will never be started.
257        -->
258        <service
258-->[com.google.android.gms:play-services-auth:16.0.1] AndroidManifest.xml:33:9-36:110
259            android:name="com.google.android.gms.auth.api.signin.RevocationBoundService"
259-->[com.google.android.gms:play-services-auth:16.0.1] AndroidManifest.xml:34:13-89
260            android:exported="true"
260-->[com.google.android.gms:play-services-auth:16.0.1] AndroidManifest.xml:35:13-36
261            android:permission="com.google.android.gms.auth.api.signin.permission.REVOCATION_NOTIFICATION" />
261-->[com.google.android.gms:play-services-auth:16.0.1] AndroidManifest.xml:36:13-107
262
263        <meta-data
263-->[com.onesignal:OneSignal:3.16.0] AndroidManifest.xml:49:9-51:51
264            android:name="onesignal_app_id"
264-->[com.onesignal:OneSignal:3.16.0] AndroidManifest.xml:50:13-44
265            android:value="${onesignal_app_id}" /> <!-- Deprecated - Pulled from OneSignal dashboard. -->
265-->[com.onesignal:OneSignal:3.16.0] AndroidManifest.xml:51:13-48
266        <meta-data
266-->[com.onesignal:OneSignal:3.16.0] AndroidManifest.xml:53:9-55:70
267            android:name="onesignal_google_project_number"
267-->[com.onesignal:OneSignal:3.16.0] AndroidManifest.xml:54:13-59
268            android:value="str:${onesignal_google_project_number}" />
268-->[com.onesignal:OneSignal:3.16.0] AndroidManifest.xml:55:13-67
269
270        <receiver
270-->[com.onesignal:OneSignal:3.16.0] AndroidManifest.xml:57:9-67:20
271            android:name="com.onesignal.GcmBroadcastReceiver"
271-->[com.onesignal:OneSignal:3.16.0] AndroidManifest.xml:58:13-62
272            android:permission="com.google.android.c2dm.permission.SEND" >
272-->[com.onesignal:OneSignal:3.16.0] AndroidManifest.xml:59:13-73
273
274            <!-- High priority so OneSignal payloads can be filtered from other GCM receivers if filterOtherGCMReceivers is enabled. -->
275            <intent-filter android:priority="999" >
275-->[com.onesignal:OneSignal:3.16.0] AndroidManifest.xml:62:13-66:29
275-->[com.onesignal:OneSignal:3.16.0] AndroidManifest.xml:62:28-50
276                <action android:name="com.google.android.c2dm.intent.RECEIVE" />
276-->[com.onesignal:OneSignal:3.16.0] AndroidManifest.xml:63:17-81
276-->[com.onesignal:OneSignal:3.16.0] AndroidManifest.xml:63:25-78
277
278                <category android:name="com.wiwmedia.wiwsport" />
278-->[com.onesignal:OneSignal:3.16.0] AndroidManifest.xml:65:17-61
278-->[com.onesignal:OneSignal:3.16.0] AndroidManifest.xml:65:27-58